<?xml version="1.0" encoding="UTF-8"?>
<!-- Generated by org.testng.reporters.JUnitReportReporter -->
<testsuite name="Org.Testing.TestCases.TC4_PutReq" tests="1" time="0.035" ignored="0" failures="0" timestamp="06 Oct 2022 18:35:59 GMT" skipped="0" hostname="Jatin_Home" errors="0">
  <testcase name="ExecuteTC4" time="0.035" classname="Org.Testing.TestCases.TC4_PutReq"/>
</testsuite> <!-- Org.Testing.TestCases.TC4_PutReq -->
