<?xml version="1.0" encoding="UTF-8"?>
<!-- Generated by org.testng.reporters.JUnitReportReporter -->
<testsuite name="Org.Testing.TestCases.TC5_DelSpecificReq" tests="1" time="0.041" ignored="0" failures="0" timestamp="06 Oct 2022 18:35:59 GMT" skipped="0" hostname="Jatin_Home" errors="0">
  <testcase name="Execute_TC5" time="0.041" classname="Org.Testing.TestCases.TC5_DelSpecificReq"/>
</testsuite> <!-- Org.Testing.TestCases.TC5_DelSpecificReq -->
